<?xml version="1.0" encoding="UTF-8"?>
<!-- Generated by org.testng.reporters.JUnitXMLReporter -->
<testsuite ignored="0" hostname="EPESMALW03F9" failures="0" tests="5" name="API Tests" time="3.682" errors="0" timestamp="2023-01-30T23:29:21 CET">
  <testcase classname="derivco.IngredientTests" name="isIngrediantNonAlcholAndNonAbv" time="2.123"/>
  <testcase classname="derivco.IngredientTests" name="isIngrediantAlcholAndAbv" time="0.349"/>
  <testcase classname="derivco.IngredientTests" name="isIngrediantResponceNull" time="0.236"/>
  <testcase classname="derivco.CocktailNameTests" name="isIngrediantResponceNull" time="0.312"/>
  <testcase classname="derivco.CocktailNameTests" name="isDrinkNameHasmultipleRecord" time="0.292"/>
</testsuite> <!-- API Tests -->
