<?xml version="1.0" encoding="UTF-8"?>
<!-- Generated by org.testng.reporters.JUnitXMLReporter -->
<testsuite ignored="0" hostname="EPESMALW03F9" failures="0" tests="6" name="Cocktail Tests" time="2.919" errors="0" timestamp="2023-01-31T12:56:51 CET">
  <testcase classname="derivco.CocktailNameTests" name="isIngrediantResponceNull" time="0.222"/>
  <testcase classname="derivco.CocktailNameTests" name="isDrinkNameHasmultipleRecord" time="0.221"/>
  <testcase classname="derivco.CocktailNameTests" name="isDrinkNameContainsProvidedValue" time="0.347"/>
  <testcase classname="derivco.CocktailNameTests" name="areMandatoryFieldsNotNull" time="0.99"/>
  <testcase classname="derivco.CocktailNameTests" name="areDrinksStartingWithLetterGetReturned" time="0.904"/>
  <testcase classname="derivco.CocktailNameTests" name="isDrinkWithExactIdGetReturned" time="0.229"/>
</testsuite> <!-- Cocktail Tests -->
