<?xml version="1.0" encoding="UTF-8"?>
<!-- Generated by org.testng.reporters.JUnitXMLReporter -->
<testsuite ignored="0" hostname="EPESMALW03F9" failures="0" tests="6" name="Cocktail Tests" time="2.173" errors="0" timestamp="2023-01-31T13:54:35 CET">
  <testcase classname="derivco.CocktailNameTests" name="isIngrediantResponceNull" time="0.249"/>
  <testcase classname="derivco.CocktailNameTests" name="isDrinkNameHasmultipleRecord" time="0.25"/>
  <testcase classname="derivco.CocktailNameTests" name="isDrinkNameContainsProvidedValue" time="0.295"/>
  <testcase classname="derivco.CocktailNameTests" name="areMandatoryFieldsNotNull" time="0.549"/>
  <testcase classname="derivco.CocktailNameTests" name="areDrinksStartingWithLetterGetReturned" time="0.621"/>
  <testcase classname="derivco.CocktailNameTests" name="isDrinkWithExactIdGetReturned" time="0.203"/>
</testsuite> <!-- Cocktail Tests -->
