<?xml version="1.0" encoding="UTF-8"?>
<!-- Generated by org.testng.reporters.JUnitXMLReporter -->
<testsuite ignored="0" hostname="EPESMALW03F9" failures="0" tests="4" name="Ingrediants Tests" time="2.982" errors="0" timestamp="2023-01-31T13:54:33 CET">
  <testcase classname="derivco.IngredientTests" name="isIngrediantNonAlcholAndNonAbv" time="1.617"/>
  <testcase classname="derivco.IngredientTests" name="isIngrediantAlcholAndAbv" time="0.301"/>
  <testcase classname="derivco.IngredientTests" name="isIngrediantResponceNull" time="0.503"/>
  <testcase classname="derivco.IngredientTests" name="isIngrediantWithExactIdGetReturned" time="0.22"/>
</testsuite> <!-- Ingrediants Tests -->
