<?xml version="1.0" encoding="UTF-8"?>
<!-- Generated by org.testng.reporters.JUnitXMLReporter -->
<testsuite ignored="0" hostname="EPESMALW03F9" failures="0" tests="4" name="Ingrediants Tests" time="2.805" errors="0" timestamp="2023-01-31T12:56:49 CET">
  <testcase classname="derivco.IngredientTests" name="isIngrediantNonAlcholAndNonAbv" time="1.633"/>
  <testcase classname="derivco.IngredientTests" name="isIngrediantAlcholAndAbv" time="0.316"/>
  <testcase classname="derivco.IngredientTests" name="isIngrediantResponceNull" time="0.224"/>
  <testcase classname="derivco.IngredientTests" name="isIngrediantWithExactIdGetReturned" time="0.286"/>
</testsuite> <!-- Ingrediants Tests -->
